<?xml version="1.0" encoding="UTF-8"?>
<!-- Generated by org.testng.reporters.JUnitReportReporter -->
<testsuite hostname="DESKTOP-I882LUR" failures="0" tests="3" name="test.ProductSortingTest" time="22.514" errors="0" timestamp="2025-10-29T21:24:40 IST" skipped="0">
  <testcase classname="test.ProductSortingTest" name="verifyProductSorting" time="8.885"/>
  <system-out/>
  <testcase classname="test.ProductSortingTest" name="verifyProductSorting" time="6.982"/>
  <system-out/>
  <testcase classname="test.ProductSortingTest" name="verifyProductSorting" time="6.647"/>
  <system-out/>
</testsuite> <!-- test.ProductSortingTest -->
