<?xml version="1.0" encoding="UTF-8"?>
<!-- Generated by org.testng.reporters.JUnitReportReporter -->
<testsuite hostname="DESKTOP-I882LUR" failures="0" tests="1" name="test.ProductExtractionTest" time="5.336" errors="0" timestamp="2025-10-29T21:31:59 IST" skipped="0">
  <testcase classname="test.ProductExtractionTest" name="extractTop3Products_NameZtoA" time="5.336"/>
  <system-out/>
</testsuite> <!-- test.ProductExtractionTest -->
